[00:01:15] [Server thread/INFO]: Saving...
[00:01:15] [Server thread/INFO]: Saved the world
[00:06:15] [Server thread/INFO]: Saving...
[00:06:15] [Server thread/INFO]: Saved the world
[00:11:15] [Server thread/INFO]: Saving...
[00:11:15] [Server thread/INFO]: Saved the world
[00:16:15] [Server thread/INFO]: Saving...
[00:16:15] [Server thread/INFO]: Saved the world
[00:21:15] [Server thread/INFO]: Saving...
[00:21:15] [Server thread/INFO]: Saved the world
[00:26:15] [Server thread/INFO]: Saving...
[00:26:15] [Server thread/INFO]: Saved the world
[00:31:15] [Server thread/INFO]: Saving...
[00:31:15] [Server thread/INFO]: Saved the world
[00:36:15] [Server thread/INFO]: Saving...
[00:36:15] [Server thread/INFO]: Saved the world
[00:41:15] [Server thread/INFO]: Saving...
[00:41:15] [Server thread/INFO]: Saved the world
[00:46:15] [Server thread/INFO]: Saving...
[00:46:15] [Server thread/INFO]: Saved the world
[00:51:15] [Server thread/INFO]: Saving...
[00:51:15] [Server thread/INFO]: Saved the world
[00:56:15] [Server thread/INFO]: Saving...
[00:56:15] [Server thread/INFO]: Saved the world
[01:01:15] [Server thread/INFO]: Saving...
[01:01:15] [Server thread/INFO]: Saved the world
[01:06:15] [Server thread/INFO]: Saving...
[01:06:15] [Server thread/INFO]: Saved the world
[01:11:15] [Server thread/INFO]: Saving...
[01:11:15] [Server thread/INFO]: Saved the world
[01:16:15] [Server thread/INFO]: Saving...
[01:16:15] [Server thread/INFO]: Saved the world
[01:21:15] [Server thread/INFO]: Saving...
[01:21:15] [Server thread/INFO]: Saved the world
[01:26:15] [Server thread/INFO]: Saving...
[01:26:15] [Server thread/INFO]: Saved the world
[01:31:15] [Server thread/INFO]: Saving...
[01:31:15] [Server thread/INFO]: Saved the world
[01:36:15] [Server thread/INFO]: Saving...
[01:36:15] [Server thread/INFO]: Saved the world
[01:41:15] [Server thread/INFO]: Saving...
[01:41:15] [Server thread/INFO]: Saved the world
[01:46:15] [Server thread/INFO]: Saving...
[01:46:15] [Server thread/INFO]: Saved the world
[01:51:15] [Server thread/INFO]: Saving...
[01:51:15] [Server thread/INFO]: Saved the world
[01:56:15] [Server thread/INFO]: Saving...
[01:56:15] [Server thread/INFO]: Saved the world
[02:01:15] [Server thread/INFO]: Saving...
[02:01:15] [Server thread/INFO]: Saved the world
[02:06:15] [Server thread/INFO]: Saving...
[02:06:15] [Server thread/INFO]: Saved the world
[02:11:15] [Server thread/INFO]: Saving...
[02:11:15] [Server thread/INFO]: Saved the world
[02:16:15] [Server thread/INFO]: Saving...
[02:16:15] [Server thread/INFO]: Saved the world
[02:21:15] [Server thread/INFO]: Saving...
[02:21:15] [Server thread/INFO]: Saved the world
[02:26:15] [Server thread/INFO]: Saving...
[02:26:15] [Server thread/INFO]: Saved the world
[02:31:15] [Server thread/INFO]: Saving...
[02:31:15] [Server thread/INFO]: Saved the world
[02:36:15] [Server thread/INFO]: Saving...
[02:36:15] [Server thread/INFO]: Saved the world
[02:41:15] [Server thread/INFO]: Saving...
[02:41:15] [Server thread/INFO]: Saved the world
[02:46:15] [Server thread/INFO]: Saving...
[02:46:15] [Server thread/INFO]: Saved the world
[02:51:15] [Server thread/INFO]: Saving...
[02:51:15] [Server thread/INFO]: Saved the world
[02:56:15] [Server thread/INFO]: Saving...
[02:56:15] [Server thread/INFO]: Saved the world
[03:01:15] [Server thread/INFO]: Saving...
[03:01:15] [Server thread/INFO]: Saved the world
[03:06:15] [Server thread/INFO]: Saving...
[03:06:15] [Server thread/INFO]: Saved the world
[03:11:15] [Server thread/INFO]: Saving...
[03:11:15] [Server thread/INFO]: Saved the world
[03:16:15] [Server thread/INFO]: Saving...
[03:16:15] [Server thread/INFO]: Saved the world
[03:21:15] [Server thread/INFO]: Saving...
[03:21:15] [Server thread/INFO]: Saved the world
[03:26:15] [Server thread/INFO]: Saving...
[03:26:15] [Server thread/INFO]: Saved the world
[03:31:15] [Server thread/INFO]: Saving...
[03:31:15] [Server thread/INFO]: Saved the world
[03:36:15] [Server thread/INFO]: Saving...
[03:36:15] [Server thread/INFO]: Saved the world
[03:41:15] [Server thread/INFO]: Saving...
[03:41:15] [Server thread/INFO]: Saved the world
[03:46:15] [Server thread/INFO]: Saving...
[03:46:15] [Server thread/INFO]: Saved the world
[03:51:15] [Server thread/INFO]: Saving...
[03:51:15] [Server thread/INFO]: Saved the world
[03:56:15] [Server thread/INFO]: Saving...
[03:56:15] [Server thread/INFO]: Saved the world
[04:01:15] [Server thread/INFO]: Saving...
[04:01:15] [Server thread/INFO]: Saved the world
[04:06:15] [Server thread/INFO]: Saving...
[04:06:15] [Server thread/INFO]: Saved the world
[04:11:15] [Server thread/INFO]: Saving...
[04:11:15] [Server thread/INFO]: Saved the world
[04:16:15] [Server thread/INFO]: Saving...
[04:16:15] [Server thread/INFO]: Saved the world
[04:21:15] [Server thread/INFO]: Saving...
[04:21:15] [Server thread/INFO]: Saved the world
[04:26:15] [Server thread/INFO]: Saving...
[04:26:15] [Server thread/INFO]: Saved the world
[04:31:15] [Server thread/INFO]: Saving...
[04:31:15] [Server thread/INFO]: Saved the world
[04:36:15] [Server thread/INFO]: Saving...
[04:36:15] [Server thread/INFO]: Saved the world
[04:41:15] [Server thread/INFO]: Saving...
[04:41:15] [Server thread/INFO]: Saved the world
[04:46:15] [Server thread/INFO]: Saving...
[04:46:15] [Server thread/INFO]: Saved the world
[04:51:15] [Server thread/INFO]: Saving...
[04:51:15] [Server thread/INFO]: Saved the world
[04:56:15] [Server thread/INFO]: Saving...
[04:56:15] [Server thread/INFO]: Saved the world
[05:01:15] [Server thread/INFO]: Saving...
[05:01:15] [Server thread/INFO]: Saved the world
[05:06:15] [Server thread/INFO]: Saving...
[05:06:15] [Server thread/INFO]: Saved the world
[05:11:15] [Server thread/INFO]: Saving...
[05:11:15] [Server thread/INFO]: Saved the world
[05:16:15] [Server thread/INFO]: Saving...
[05:16:15] [Server thread/INFO]: Saved the world
[05:21:15] [Server thread/INFO]: Saving...
[05:21:15] [Server thread/INFO]: Saved the world
[05:26:15] [Server thread/INFO]: Saving...
[05:26:15] [Server thread/INFO]: Saved the world
[05:31:15] [Server thread/INFO]: Saving...
[05:31:15] [Server thread/INFO]: Saved the world
[05:36:15] [Server thread/INFO]: Saving...
[05:36:15] [Server thread/INFO]: Saved the world
[05:41:15] [Server thread/INFO]: Saving...
[05:41:15] [Server thread/INFO]: Saved the world
[05:46:15] [Server thread/INFO]: Saving...
[05:46:15] [Server thread/INFO]: Saved the world
[05:51:15] [Server thread/INFO]: Saving...
[05:51:15] [Server thread/INFO]: Saved the world
[05:56:15] [Server thread/INFO]: Saving...
[05:56:15] [Server thread/INFO]: Saved the world
[06:01:15] [Server thread/INFO]: Saving...
[06:01:15] [Server thread/INFO]: Saved the world
[06:06:15] [Server thread/INFO]: Saving...
[06:06:15] [Server thread/INFO]: Saved the world
[06:11:15] [Server thread/INFO]: Saving...
[06:11:15] [Server thread/INFO]: Saved the world
[06:16:15] [Server thread/INFO]: Saving...
[06:16:15] [Server thread/INFO]: Saved the world
[06:21:15] [Server thread/INFO]: Saving...
[06:21:15] [Server thread/INFO]: Saved the world
[06:26:15] [Server thread/INFO]: Saving...
[06:26:15] [Server thread/INFO]: Saved the world
[06:31:15] [Server thread/INFO]: Saving...
[06:31:15] [Server thread/INFO]: Saved the world
[06:36:15] [Server thread/INFO]: Saving...
[06:36:15] [Server thread/INFO]: Saved the world
[06:41:15] [Server thread/INFO]: Saving...
[06:41:15] [Server thread/INFO]: Saved the world
[06:46:15] [Server thread/INFO]: Saving...
[06:46:15] [Server thread/INFO]: Saved the world
[06:51:15] [Server thread/INFO]: Saving...
[06:51:15] [Server thread/INFO]: Saved the world
[06:56:15] [Server thread/INFO]: Saving...
[06:56:15] [Server thread/INFO]: Saved the world
[07:01:15] [Server thread/INFO]: Saving...
[07:01:15] [Server thread/INFO]: Saved the world
[07:06:15] [Server thread/INFO]: Saving...
[07:06:15] [Server thread/INFO]: Saved the world
[07:11:15] [Server thread/INFO]: Saving...
[07:11:15] [Server thread/INFO]: Saved the world
[07:16:15] [Server thread/INFO]: Saving...
[07:16:15] [Server thread/INFO]: Saved the world
[07:21:15] [Server thread/INFO]: Saving...
[07:21:15] [Server thread/INFO]: Saved the world
[07:26:15] [Server thread/INFO]: Saving...
[07:26:15] [Server thread/INFO]: Saved the world
[07:31:15] [Server thread/INFO]: Saving...
[07:31:15] [Server thread/INFO]: Saved the world
[07:36:15] [Server thread/INFO]: Saving...
[07:36:15] [Server thread/INFO]: Saved the world
[07:41:15] [Server thread/INFO]: Saving...
[07:41:15] [Server thread/INFO]: Saved the world
[07:46:15] [Server thread/INFO]: Saving...
[07:46:15] [Server thread/INFO]: Saved the world
[07:51:15] [Server thread/INFO]: Saving...
[07:51:15] [Server thread/INFO]: Saved the world
[07:56:15] [Server thread/INFO]: Saving...
[07:56:15] [Server thread/INFO]: Saved the world
[08:01:15] [Server thread/INFO]: Saving...
[08:01:15] [Server thread/INFO]: Saved the world
[08:06:15] [Server thread/INFO]: Saving...
[08:06:15] [Server thread/INFO]: Saved the world
[08:11:15] [Server thread/INFO]: Saving...
[08:11:15] [Server thread/INFO]: Saved the world
[08:16:15] [Server thread/INFO]: Saving...
[08:16:15] [Server thread/INFO]: Saved the world
[08:21:15] [Server thread/INFO]: Saving...
[08:21:15] [Server thread/INFO]: Saved the world
[08:26:15] [Server thread/INFO]: Saving...
[08:26:15] [Server thread/INFO]: Saved the world
[08:31:15] [Server thread/INFO]: Saving...
[08:31:15] [Server thread/INFO]: Saved the world
[08:36:15] [Server thread/INFO]: Saving...
[08:36:15] [Server thread/INFO]: Saved the world
[08:41:15] [Server thread/INFO]: Saving...
[08:41:15] [Server thread/INFO]: Saved the world
[08:46:15] [Server thread/INFO]: Saving...
[08:46:15] [Server thread/INFO]: Saved the world
[08:51:15] [Server thread/INFO]: Saving...
[08:51:15] [Server thread/INFO]: Saved the world
[08:56:15] [Server thread/INFO]: Saving...
[08:56:15] [Server thread/INFO]: Saved the world
[09:01:15] [Server thread/INFO]: Saving...
[09:01:15] [Server thread/INFO]: Saved the world
[09:06:15] [Server thread/INFO]: Saving...
[09:06:15] [Server thread/INFO]: Saved the world
[09:11:15] [Server thread/INFO]: Saving...
[09:11:15] [Server thread/INFO]: Saved the world
[09:16:15] [Server thread/INFO]: Saving...
[09:16:15] [Server thread/INFO]: Saved the world
[09:21:15] [Server thread/INFO]: Saving...
[09:21:15] [Server thread/INFO]: Saved the world
[09:26:15] [Server thread/INFO]: Saving...
[09:26:15] [Server thread/INFO]: Saved the world
[09:31:15] [Server thread/INFO]: Saving...
[09:31:15] [Server thread/INFO]: Saved the world
[09:36:15] [Server thread/INFO]: Saving...
[09:36:15] [Server thread/INFO]: Saved the world
[09:41:15] [Server thread/INFO]: Saving...
[09:41:15] [Server thread/INFO]: Saved the world
[09:46:15] [Server thread/INFO]: Saving...
[09:46:15] [Server thread/INFO]: Saved the world
[09:51:15] [Server thread/INFO]: Saving...
[09:51:15] [Server thread/INFO]: Saved the world
[09:56:15] [Server thread/INFO]: Saving...
[09:56:15] [Server thread/INFO]: Saved the world
[10:01:15] [Server thread/INFO]: Saving...
[10:01:15] [Server thread/INFO]: Saved the world
[10:06:15] [Server thread/INFO]: Saving...
[10:06:15] [Server thread/INFO]: Saved the world
[10:11:15] [Server thread/INFO]: Saving...
[10:11:15] [Server thread/INFO]: Saved the world
[10:16:15] [Server thread/INFO]: Saving...
[10:16:15] [Server thread/INFO]: Saved the world
[10:21:15] [Server thread/INFO]: Saving...
[10:21:15] [Server thread/INFO]: Saved the world
[10:26:15] [Server thread/INFO]: Saving...
[10:26:15] [Server thread/INFO]: Saved the world
[10:31:15] [Server thread/INFO]: Saving...
[10:31:15] [Server thread/INFO]: Saved the world
[10:36:15] [Server thread/INFO]: Saving...
[10:36:15] [Server thread/INFO]: Saved the world
[10:41:15] [Server thread/INFO]: Saving...
[10:41:15] [Server thread/INFO]: Saved the world
[10:46:15] [Server thread/INFO]: Saving...
[10:46:15] [Server thread/INFO]: Saved the world
[10:51:15] [Server thread/INFO]: Saving...
[10:51:15] [Server thread/INFO]: Saved the world
[10:56:15] [Server thread/INFO]: Saving...
[10:56:15] [Server thread/INFO]: Saved the world
[11:01:15] [Server thread/INFO]: Saving...
[11:01:15] [Server thread/INFO]: Saved the world
[11:06:15] [Server thread/INFO]: Saving...
[11:06:15] [Server thread/INFO]: Saved the world
[11:11:15] [Server thread/INFO]: Saving...
[11:11:15] [Server thread/INFO]: Saved the world
[11:16:15] [Server thread/INFO]: Saving...
[11:16:15] [Server thread/INFO]: Saved the world
[11:21:15] [Server thread/INFO]: Saving...
[11:21:15] [Server thread/INFO]: Saved the world
[11:26:15] [Server thread/INFO]: Saving...
[11:26:15] [Server thread/INFO]: Saved the world
[11:31:15] [Server thread/INFO]: Saving...
[11:31:15] [Server thread/INFO]: Saved the world
[11:36:15] [Server thread/INFO]: Saving...
[11:36:15] [Server thread/INFO]: Saved the world
[11:41:15] [Server thread/INFO]: Saving...
[11:41:15] [Server thread/INFO]: Saved the world
[11:46:15] [Server thread/INFO]: Saving...
[11:46:15] [Server thread/INFO]: Saved the world
[11:51:15] [Server thread/INFO]: Saving...
[11:51:15] [Server thread/INFO]: Saved the world
[11:56:15] [Server thread/INFO]: Saving...
[11:56:15] [Server thread/INFO]: Saved the world
[12:01:15] [Server thread/INFO]: Saving...
[12:01:15] [Server thread/INFO]: Saved the world
[12:06:15] [Server thread/INFO]: Saving...
[12:06:15] [Server thread/INFO]: Saved the world
[12:11:15] [Server thread/INFO]: Saving...
[12:11:15] [Server thread/INFO]: Saved the world
[12:16:15] [Server thread/INFO]: Saving...
[12:16:15] [Server thread/INFO]: Saved the world
[12:21:15] [Server thread/INFO]: Saving...
[12:21:15] [Server thread/INFO]: Saved the world
[12:26:15] [Server thread/INFO]: Saving...
[12:26:15] [Server thread/INFO]: Saved the world
[12:31:15] [Server thread/INFO]: Saving...
[12:31:15] [Server thread/INFO]: Saved the world
[12:36:15] [Server thread/INFO]: Saving...
[12:36:15] [Server thread/INFO]: Saved the world
[12:41:15] [Server thread/INFO]: Saving...
[12:41:15] [Server thread/INFO]: Saved the world
[12:46:15] [Server thread/INFO]: Saving...
[12:46:15] [Server thread/INFO]: Saved the world
[12:51:15] [Server thread/INFO]: Saving...
[12:51:15] [Server thread/INFO]: Saved the world
[12:56:15] [Server thread/INFO]: Saving...
[12:56:15] [Server thread/INFO]: Saved the world
[13:01:15] [Server thread/INFO]: Saving...
[13:01:15] [Server thread/INFO]: Saved the world
[13:06:15] [Server thread/INFO]: Saving...
[13:06:15] [Server thread/INFO]: Saved the world
[13:11:15] [Server thread/INFO]: Saving...
[13:11:15] [Server thread/INFO]: Saved the world
[13:16:15] [Server thread/INFO]: Saving...
[13:16:15] [Server thread/INFO]: Saved the world
[13:21:15] [Server thread/INFO]: Saving...
[13:21:15] [Server thread/INFO]: Saved the world
[13:26:15] [Server thread/INFO]: Saving...
[13:26:15] [Server thread/INFO]: Saved the world
[13:31:15] [Server thread/INFO]: Saving...
[13:31:15] [Server thread/INFO]: Saved the world
[13:36:15] [Server thread/INFO]: Saving...
[13:36:15] [Server thread/INFO]: Saved the world
[13:41:15] [Server thread/INFO]: Saving...
[13:41:15] [Server thread/INFO]: Saved the world
[13:46:15] [Server thread/INFO]: Saving...
[13:46:15] [Server thread/INFO]: Saved the world
[13:51:15] [Server thread/INFO]: Saving...
[13:51:15] [Server thread/INFO]: Saved the world
[13:56:15] [Server thread/INFO]: Saving...
[13:56:15] [Server thread/INFO]: Saved the world
[14:01:15] [Server thread/INFO]: Saving...
[14:01:15] [Server thread/INFO]: Saved the world
[14:06:15] [Server thread/INFO]: Saving...
[14:06:15] [Server thread/INFO]: Saved the world
[14:11:15] [Server thread/INFO]: Saving...
[14:11:15] [Server thread/INFO]: Saved the world
[14:16:15] [Server thread/INFO]: Saving...
[14:16:15] [Server thread/INFO]: Saved the world
[14:21:15] [Server thread/INFO]: Saving...
[14:21:15] [Server thread/INFO]: Saved the world
[14:26:15] [Server thread/INFO]: Saving...
[14:26:15] [Server thread/INFO]: Saved the world
[14:31:15] [Server thread/INFO]: Saving...
[14:31:15] [Server thread/INFO]: Saved the world
[14:36:15] [Server thread/INFO]: Saving...
[14:36:15] [Server thread/INFO]: Saved the world
[14:41:15] [Server thread/INFO]: Saving...
[14:41:15] [Server thread/INFO]: Saved the world
[14:46:15] [Server thread/INFO]: Saving...
[14:46:15] [Server thread/INFO]: Saved the world
[14:51:15] [Server thread/INFO]: Saving...
[14:51:15] [Server thread/INFO]: Saved the world
[14:56:15] [Server thread/INFO]: Saving...
[14:56:15] [Server thread/INFO]: Saved the world
[15:01:15] [Server thread/INFO]: Saving...
[15:01:15] [Server thread/INFO]: Saved the world
[15:06:15] [Server thread/INFO]: Saving...
[15:06:15] [Server thread/INFO]: Saved the world
[15:11:15] [Server thread/INFO]: Saving...
[15:11:15] [Server thread/INFO]: Saved the world
[15:16:15] [Server thread/INFO]: Saving...
[15:16:15] [Server thread/INFO]: Saved the world
[15:21:15] [Server thread/INFO]: Saving...
[15:21:15] [Server thread/INFO]: Saved the world
[15:26:15] [Server thread/INFO]: Saving...
[15:26:15] [Server thread/INFO]: Saved the world
[15:31:15] [Server thread/INFO]: Saving...
[15:31:15] [Server thread/INFO]: Saved the world
[15:36:15] [Server thread/INFO]: Saving...
[15:36:15] [Server thread/INFO]: Saved the world
[15:41:15] [Server thread/INFO]: Saving...
[15:41:15] [Server thread/INFO]: Saved the world
[15:46:15] [Server thread/INFO]: Saving...
[15:46:15] [Server thread/INFO]: Saved the world
[15:51:15] [Server thread/INFO]: Saving...
[15:51:15] [Server thread/INFO]: Saved the world
[15:56:15] [Server thread/INFO]: Saving...
[15:56:15] [Server thread/INFO]: Saved the world
[16:01:15] [Server thread/INFO]: Saving...
[16:01:15] [Server thread/INFO]: Saved the world
[16:06:15] [Server thread/INFO]: Saving...
[16:06:15] [Server thread/INFO]: Saved the world
[16:11:15] [Server thread/INFO]: Saving...
[16:11:15] [Server thread/INFO]: Saved the world
[16:16:15] [Server thread/INFO]: Saving...
[16:16:15] [Server thread/INFO]: Saved the world
[16:21:15] [Server thread/INFO]: Saving...
[16:21:15] [Server thread/INFO]: Saved the world
[16:26:15] [Server thread/INFO]: Saving...
[16:26:15] [Server thread/INFO]: Saved the world
[16:31:15] [Server thread/INFO]: Saving...
[16:31:15] [Server thread/INFO]: Saved the world
[16:36:15] [Server thread/INFO]: Saving...
[16:36:15] [Server thread/INFO]: Saved the world
[16:41:15] [Server thread/INFO]: Saving...
[16:41:15] [Server thread/INFO]: Saved the world
[16:46:15] [Server thread/INFO]: Saving...
[16:46:15] [Server thread/INFO]: Saved the world
[16:51:15] [Server thread/INFO]: Saving...
[16:51:15] [Server thread/INFO]: Saved the world
[16:56:15] [Server thread/INFO]: Saving...
[16:56:15] [Server thread/INFO]: Saved the world
[17:01:15] [Server thread/INFO]: Saving...
[17:01:15] [Server thread/INFO]: Saved the world
[17:06:15] [Server thread/INFO]: Saving...
[17:06:15] [Server thread/INFO]: Saved the world
[17:11:15] [Server thread/INFO]: Saving...
[17:11:15] [Server thread/INFO]: Saved the world
[17:16:15] [Server thread/INFO]: Saving...
[17:16:15] [Server thread/INFO]: Saved the world
[17:21:15] [Server thread/INFO]: Saving...
[17:21:15] [Server thread/INFO]: Saved the world
[17:26:15] [Server thread/INFO]: Saving...
[17:26:15] [Server thread/INFO]: Saved the world
[17:31:15] [Server thread/INFO]: Saving...
[17:31:15] [Server thread/INFO]: Saved the world
[17:36:15] [Server thread/INFO]: Saving...
[17:36:15] [Server thread/INFO]: Saved the world
[17:41:15] [Server thread/INFO]: Saving...
[17:41:15] [Server thread/INFO]: Saved the world
[17:46:15] [Server thread/INFO]: Saving...
[17:46:15] [Server thread/INFO]: Saved the world
[17:51:15] [Server thread/INFO]: Saving...
[17:51:16] [Server thread/INFO]: Saved the world
[17:56:15] [Server thread/INFO]: Saving...
[17:56:15] [Server thread/INFO]: Saved the world
[18:01:15] [Server thread/INFO]: Saving...
[18:01:15] [Server thread/INFO]: Saved the world
[18:06:15] [Server thread/INFO]: Saving...
[18:06:15] [Server thread/INFO]: Saved the world
[18:11:15] [Server thread/INFO]: Saving...
[18:11:15] [Server thread/INFO]: Saved the world
[18:16:15] [Server thread/INFO]: Saving...
[18:16:15] [Server thread/INFO]: Saved the world
[18:21:15] [Server thread/INFO]: Saving...
[18:21:15] [Server thread/INFO]: Saved the world
[18:26:15] [Server thread/INFO]: Saving...
[18:26:15] [Server thread/INFO]: Saved the world
[18:31:15] [Server thread/INFO]: Saving...
[18:31:15] [Server thread/INFO]: Saved the world
[18:36:15] [Server thread/INFO]: Saving...
[18:36:15] [Server thread/INFO]: Saved the world
[18:41:15] [Server thread/INFO]: Saving...
[18:41:16] [Server thread/INFO]: Saved the world
[18:46:15] [Server thread/INFO]: Saving...
[18:46:15] [Server thread/INFO]: Saved the world
[18:51:15] [Server thread/INFO]: Saving...
[18:51:15] [Server thread/INFO]: Saved the world
[18:56:15] [Server thread/INFO]: Saving...
[18:56:15] [Server thread/INFO]: Saved the world
[19:01:15] [Server thread/INFO]: Saving...
[19:01:15] [Server thread/INFO]: Saved the world
[19:06:15] [Server thread/INFO]: Saving...
[19:06:15] [Server thread/INFO]: Saved the world
[19:11:15] [Server thread/INFO]: Saving...
[19:11:15] [Server thread/INFO]: Saved the world
[19:16:15] [Server thread/INFO]: Saving...
[19:16:15] [Server thread/INFO]: Saved the world
[19:21:15] [Server thread/INFO]: Saving...
[19:21:15] [Server thread/INFO]: Saved the world
[19:26:15] [Server thread/INFO]: Saving...
[19:26:15] [Server thread/INFO]: Saved the world
[19:31:15] [Server thread/INFO]: Saving...
[19:31:15] [Server thread/INFO]: Saved the world
[19:36:15] [Server thread/INFO]: Saving...
[19:36:15] [Server thread/INFO]: Saved the world
[19:41:15] [Server thread/INFO]: Saving...
[19:41:15] [Server thread/INFO]: Saved the world
[19:46:15] [Server thread/INFO]: Saving...
[19:46:15] [Server thread/INFO]: Saved the world
[19:51:15] [Server thread/INFO]: Saving...
[19:51:15] [Server thread/INFO]: Saved the world
[19:56:15] [Server thread/INFO]: Saving...
[19:56:15] [Server thread/INFO]: Saved the world
[20:01:15] [Server thread/INFO]: Saving...
[20:01:15] [Server thread/INFO]: Saved the world
[20:06:15] [Server thread/INFO]: Saving...
[20:06:15] [Server thread/INFO]: Saved the world
[20:11:15] [Server thread/INFO]: Saving...
[20:11:15] [Server thread/INFO]: Saved the world
[20:16:15] [Server thread/INFO]: Saving...
[20:16:15] [Server thread/INFO]: Saved the world
[20:21:15] [Server thread/INFO]: Saving...
[20:21:15] [Server thread/INFO]: Saved the world
[20:26:15] [Server thread/INFO]: Saving...
[20:26:15] [Server thread/INFO]: Saved the world
[20:31:15] [Server thread/INFO]: Saving...
[20:31:15] [Server thread/INFO]: Saved the world
[20:36:15] [Server thread/INFO]: Saving...
[20:36:16] [Server thread/INFO]: Saved the world
[20:41:15] [Server thread/INFO]: Saving...
[20:41:15] [Server thread/INFO]: Saved the world
[20:46:15] [Server thread/INFO]: Saving...
[20:46:16] [Server thread/INFO]: Saved the world
[20:51:15] [Server thread/INFO]: Saving...
[20:51:16] [Server thread/INFO]: Saved the world
[20:56:15] [Server thread/INFO]: Saving...
[20:56:16] [Server thread/INFO]: Saved the world
[21:01:15] [Server thread/INFO]: Saving...
[21:01:15] [Server thread/INFO]: Saved the world
[21:06:15] [Server thread/INFO]: Saving...
[21:06:15] [Server thread/INFO]: Saved the world
[21:11:15] [Server thread/INFO]: Saving...
[21:11:15] [Server thread/INFO]: Saved the world
[21:16:15] [Server thread/INFO]: Saving...
[21:16:16] [Server thread/INFO]: Saved the world
[21:21:15] [Server thread/INFO]: Saving...
[21:21:15] [Server thread/INFO]: Saved the world
[21:26:15] [Server thread/INFO]: Saving...
[21:26:16] [Server thread/INFO]: Saved the world
[21:31:15] [Server thread/INFO]: Saving...
[21:31:16] [Server thread/INFO]: Saved the world
[21:36:15] [Server thread/INFO]: Saving...
[21:36:16] [Server thread/INFO]: Saved the world
[21:41:15] [Server thread/INFO]: Saving...
[21:41:16] [Server thread/INFO]: Saved the world
[21:46:15] [Server thread/INFO]: Saving...
[21:46:15] [Server thread/INFO]: Saved the world
[21:51:15] [Server thread/INFO]: Saving...
[21:51:16] [Server thread/INFO]: Saved the world
[21:56:15] [Server thread/INFO]: Saving...
[21:56:16] [Server thread/INFO]: Saved the world
[22:01:15] [Server thread/INFO]: Saving...
[22:01:15] [Server thread/INFO]: Saved the world
[22:06:15] [Server thread/INFO]: Saving...
[22:06:15] [Server thread/INFO]: Saved the world
[22:11:15] [Server thread/INFO]: Saving...
[22:11:15] [Server thread/INFO]: Saved the world
[22:16:15] [Server thread/INFO]: Saving...
[22:16:15] [Server thread/INFO]: Saved the world
[22:21:15] [Server thread/INFO]: Saving...
[22:21:16] [Server thread/INFO]: Saved the world
[22:26:15] [Server thread/INFO]: Saving...
[22:26:16] [Server thread/INFO]: Saved the world
[22:31:15] [Server thread/INFO]: Saving...
[22:31:16] [Server thread/INFO]: Saved the world
[22:31:44] [Server thread/INFO]: Stopping the server
[22:31:44] [Server thread/INFO]: Stopping server
[22:31:44] [Server thread/INFO]: Saving players
[22:31:44] [Server thread/INFO]: Saving worlds
[22:31:44] [Server thread/INFO]: Saving chunks for level 'world'/overworld
[22:31:44] [Server thread/INFO]: Saving chunks for level 'world'/the_nether
[22:31:44] [Server thread/INFO]: Saving chunks for level 'world'/the_end
[22:31:44] [Server Shutdown Thread/INFO]: Stopping server
[22:31:44] [Server Shutdown Thread/INFO]: Saving players
[22:31:44] [Server Shutdown Thread/INFO]: Saving worlds
[22:31:44] [Server Shutdown Thread/INFO]: Saving chunks for level 'world'/overworld
[22:31:44] [Server Shutdown Thread/INFO]: Saving chunks for level 'world'/the_nether
[22:31:44] [Server Shutdown Thread/INFO]: Saving chunks for level 'world'/the_end
