[00:03:11] [Server thread/INFO]: Saving...
[00:03:11] [Server thread/INFO]: Saved the world
[00:08:11] [Server thread/INFO]: Saving...
[00:08:11] [Server thread/INFO]: Saved the world
[00:13:11] [Server thread/INFO]: Saving...
[00:13:11] [Server thread/INFO]: Saved the world
[00:14:03] [Server thread/INFO]: Server Backup started!
[00:15:13] [Thread-316/INFO]: Server backup done in 00:01:09! (2.4GB | 12.5GB)
[00:18:11] [Server thread/INFO]: Saving...
[00:18:11] [Server thread/INFO]: Saved the world
[00:23:11] [Server thread/INFO]: Saving...
[00:23:11] [Server thread/INFO]: Saved the world
[00:28:11] [Server thread/INFO]: Saving...
[00:28:11] [Server thread/INFO]: Saved the world
[00:33:11] [Server thread/INFO]: Saving...
[00:33:11] [Server thread/INFO]: Saved the world
[00:38:11] [Server thread/INFO]: Saving...
[00:38:11] [Server thread/INFO]: Saved the world
[00:43:11] [Server thread/INFO]: Saving...
[00:43:11] [Server thread/INFO]: Saved the world
[00:48:11] [Server thread/INFO]: Saving...
[00:48:11] [Server thread/INFO]: Saved the world
[00:53:11] [Server thread/INFO]: Saving...
[00:53:11] [Server thread/INFO]: Saved the world
[00:58:11] [Server thread/INFO]: Saving...
[00:58:11] [Server thread/INFO]: Saved the world
[01:03:11] [Server thread/INFO]: Saving...
[01:03:11] [Server thread/INFO]: Saved the world
[01:08:11] [Server thread/INFO]: Saving...
[01:08:11] [Server thread/INFO]: Saved the world
[01:13:11] [Server thread/INFO]: Saving...
[01:13:11] [Server thread/INFO]: Saved the world
[01:14:32] [Server thread/INFO]: Thomas_Grillo lost connection: TextComponent{text='Disconnected', siblings=[], style=Style{hasParent=false, color=null, bold=null, italic=null, underlined=null, obfuscated=null, clickEvent=null, hoverEvent=null, insertion=null}}
[01:14:32] [Server thread/INFO]: Thomas_Grillo left the game
[01:18:11] [Server thread/INFO]: Saving...
[01:18:11] [Server thread/INFO]: Saved the world
[01:23:11] [Server thread/INFO]: Saving...
[01:23:11] [Server thread/INFO]: Saved the world
[01:28:11] [Server thread/INFO]: Saving...
[01:28:11] [Server thread/INFO]: Saved the world
[01:33:11] [Server thread/INFO]: Saving...
[01:33:11] [Server thread/INFO]: Saved the world
[01:38:11] [Server thread/INFO]: Saving...
[01:38:11] [Server thread/INFO]: Saved the world
[01:43:11] [Server thread/INFO]: Saving...
[01:43:11] [Server thread/INFO]: Saved the world
[01:48:11] [Server thread/INFO]: Saving...
[01:48:11] [Server thread/INFO]: Saved the world
[01:53:11] [Server thread/INFO]: Saving...
[01:53:11] [Server thread/INFO]: Saved the world
[01:58:11] [Server thread/INFO]: Saving...
[01:58:11] [Server thread/INFO]: Saved the world
[02:03:11] [Server thread/INFO]: Saving...
[02:03:11] [Server thread/INFO]: Saved the world
[02:08:11] [Server thread/INFO]: Saving...
[02:08:11] [Server thread/INFO]: Saved the world
[02:13:11] [Server thread/INFO]: Saving...
[02:13:11] [Server thread/INFO]: Saved the world
[02:14:03] [Server thread/INFO]: Server Backup started!
[02:15:12] [Thread-317/INFO]: Server backup done in 00:01:08! (2.4GB | 12.5GB)
[02:18:11] [Server thread/INFO]: Saving...
[02:18:11] [Server thread/INFO]: Saved the world
[02:23:11] [Server thread/INFO]: Saving...
[02:23:11] [Server thread/INFO]: Saved the world
[02:28:11] [Server thread/INFO]: Saving...
[02:28:11] [Server thread/INFO]: Saved the world
[02:33:11] [Server thread/INFO]: Saving...
[02:33:11] [Server thread/INFO]: Saved the world
[02:38:11] [Server thread/INFO]: Saving...
[02:38:11] [Server thread/INFO]: Saved the world
[02:43:11] [Server thread/INFO]: Saving...
[02:43:11] [Server thread/INFO]: Saved the world
[02:48:11] [Server thread/INFO]: Saving...
[02:48:11] [Server thread/INFO]: Saved the world
[02:53:11] [Server thread/INFO]: Saving...
[02:53:11] [Server thread/INFO]: Saved the world
[02:58:11] [Server thread/INFO]: Saving...
[02:58:11] [Server thread/INFO]: Saved the world
[03:03:11] [Server thread/INFO]: Saving...
[03:03:11] [Server thread/INFO]: Saved the world
[03:08:11] [Server thread/INFO]: Saving...
[03:08:11] [Server thread/INFO]: Saved the world
[03:13:11] [Server thread/INFO]: Saving...
[03:13:11] [Server thread/INFO]: Saved the world
[03:18:11] [Server thread/INFO]: Saving...
[03:18:11] [Server thread/INFO]: Saved the world
[03:23:11] [Server thread/INFO]: Saving...
[03:23:11] [Server thread/INFO]: Saved the world
[03:28:11] [Server thread/INFO]: Saving...
[03:28:11] [Server thread/INFO]: Saved the world
[03:33:11] [Server thread/INFO]: Saving...
[03:33:11] [Server thread/INFO]: Saved the world
[03:38:11] [Server thread/INFO]: Saving...
[03:38:11] [Server thread/INFO]: Saved the world
[03:43:11] [Server thread/INFO]: Saving...
[03:43:11] [Server thread/INFO]: Saved the world
[03:48:11] [Server thread/INFO]: Saving...
[03:48:11] [Server thread/INFO]: Saved the world
[03:53:11] [Server thread/INFO]: Saving...
[03:53:11] [Server thread/INFO]: Saved the world
[03:58:11] [Server thread/INFO]: Saving...
[03:58:11] [Server thread/INFO]: Saved the world
[04:03:11] [Server thread/INFO]: Saving...
[04:03:11] [Server thread/INFO]: Saved the world
[04:08:11] [Server thread/INFO]: Saving...
[04:08:11] [Server thread/INFO]: Saved the world
[04:13:11] [Server thread/INFO]: Saving...
[04:13:11] [Server thread/INFO]: Saved the world
[04:14:03] [Server thread/INFO]: Server Backup started!
[04:15:11] [Thread-318/INFO]: Server backup done in 00:01:07! (2.4GB | 12.5GB)
[04:18:11] [Server thread/INFO]: Saving...
[04:18:11] [Server thread/INFO]: Saved the world
[04:23:11] [Server thread/INFO]: Saving...
[04:23:11] [Server thread/INFO]: Saved the world
[04:28:11] [Server thread/INFO]: Saving...
[04:28:11] [Server thread/INFO]: Saved the world
[04:33:11] [Server thread/INFO]: Saving...
[04:33:11] [Server thread/INFO]: Saved the world
[04:38:11] [Server thread/INFO]: Saving...
[04:38:11] [Server thread/INFO]: Saved the world
[04:43:11] [Server thread/INFO]: Saving...
[04:43:11] [Server thread/INFO]: Saved the world
[04:48:11] [Server thread/INFO]: Saving...
[04:48:11] [Server thread/INFO]: Saved the world
[04:53:11] [Server thread/INFO]: Saving...
[04:53:11] [Server thread/INFO]: Saved the world
[04:58:11] [Server thread/INFO]: Saving...
[04:58:11] [Server thread/INFO]: Saved the world
[05:03:11] [Server thread/INFO]: Saving...
[05:03:11] [Server thread/INFO]: Saved the world
[05:08:11] [Server thread/INFO]: Saving...
[05:08:11] [Server thread/INFO]: Saved the world
[05:13:11] [Server thread/INFO]: Saving...
[05:13:11] [Server thread/INFO]: Saved the world
[05:18:11] [Server thread/INFO]: Saving...
[05:18:11] [Server thread/INFO]: Saved the world
[05:23:11] [Server thread/INFO]: Saving...
[05:23:11] [Server thread/INFO]: Saved the world
[05:28:11] [Server thread/INFO]: Saving...
[05:28:11] [Server thread/INFO]: Saved the world
[05:33:11] [Server thread/INFO]: Saving...
[05:33:11] [Server thread/INFO]: Saved the world
[05:38:11] [Server thread/INFO]: Saving...
[05:38:11] [Server thread/INFO]: Saved the world
[05:43:11] [Server thread/INFO]: Saving...
[05:43:11] [Server thread/INFO]: Saved the world
[05:48:11] [Server thread/INFO]: Saving...
[05:48:11] [Server thread/INFO]: Saved the world
[05:53:11] [Server thread/INFO]: Saving...
[05:53:11] [Server thread/INFO]: Saved the world
[05:58:11] [Server thread/INFO]: Saving...
[05:58:11] [Server thread/INFO]: Saved the world
[06:03:11] [Server thread/INFO]: Saving...
[06:03:11] [Server thread/INFO]: Saved the world
[06:08:11] [Server thread/INFO]: Saving...
[06:08:11] [Server thread/INFO]: Saved the world
[06:13:11] [Server thread/INFO]: Saving...
[06:13:11] [Server thread/INFO]: Saved the world
[06:14:03] [Server thread/INFO]: Server Backup started!
[06:15:12] [Thread-319/INFO]: Server backup done in 00:01:08! (2.4GB | 12.5GB)
[06:18:11] [Server thread/INFO]: Saving...
[06:18:11] [Server thread/INFO]: Saved the world
[06:23:11] [Server thread/INFO]: Saving...
[06:23:11] [Server thread/INFO]: Saved the world
[06:28:11] [Server thread/INFO]: Saving...
[06:28:11] [Server thread/INFO]: Saved the world
[06:33:11] [Server thread/INFO]: Saving...
[06:33:11] [Server thread/INFO]: Saved the world
[06:38:11] [Server thread/INFO]: Saving...
[06:38:11] [Server thread/INFO]: Saved the world
[06:43:11] [Server thread/INFO]: Saving...
[06:43:11] [Server thread/INFO]: Saved the world
[06:48:11] [Server thread/INFO]: Saving...
[06:48:11] [Server thread/INFO]: Saved the world
[06:53:11] [Server thread/INFO]: Saving...
[06:53:11] [Server thread/INFO]: Saved the world
[06:58:11] [Server thread/INFO]: Saving...
[06:58:11] [Server thread/INFO]: Saved the world
[07:03:11] [Server thread/INFO]: Saving...
[07:03:11] [Server thread/INFO]: Saved the world
[07:08:11] [Server thread/INFO]: Saving...
[07:08:11] [Server thread/INFO]: Saved the world
[07:13:11] [Server thread/INFO]: Saving...
[07:13:11] [Server thread/INFO]: Saved the world
[07:18:11] [Server thread/INFO]: Saving...
[07:18:11] [Server thread/INFO]: Saved the world
[07:23:11] [Server thread/INFO]: Saving...
[07:23:11] [Server thread/INFO]: Saved the world
[07:28:11] [Server thread/INFO]: Saving...
[07:28:11] [Server thread/INFO]: Saved the world
[07:33:11] [Server thread/INFO]: Saving...
[07:33:11] [Server thread/INFO]: Saved the world
[07:38:11] [Server thread/INFO]: Saving...
[07:38:11] [Server thread/INFO]: Saved the world
[07:43:11] [Server thread/INFO]: Saving...
[07:43:11] [Server thread/INFO]: Saved the world
[07:48:11] [Server thread/INFO]: Saving...
[07:48:11] [Server thread/INFO]: Saved the world
[07:53:11] [Server thread/INFO]: Saving...
[07:53:11] [Server thread/INFO]: Saved the world
[07:58:11] [Server thread/INFO]: Saving...
[07:58:11] [Server thread/INFO]: Saved the world
[08:03:11] [Server thread/INFO]: Saving...
[08:03:11] [Server thread/INFO]: Saved the world
[08:08:11] [Server thread/INFO]: Saving...
[08:08:11] [Server thread/INFO]: Saved the world
[08:13:11] [Server thread/INFO]: Saving...
[08:13:11] [Server thread/INFO]: Saved the world
[08:14:03] [Server thread/INFO]: Server Backup started!
[08:15:11] [Thread-320/INFO]: Server backup done in 00:01:07! (2.4GB | 12.5GB)
[08:18:11] [Server thread/INFO]: Saving...
[08:18:11] [Server thread/INFO]: Saved the world
[08:23:11] [Server thread/INFO]: Saving...
[08:23:11] [Server thread/INFO]: Saved the world
[08:28:11] [Server thread/INFO]: Saving...
[08:28:11] [Server thread/INFO]: Saved the world
[08:33:11] [Server thread/INFO]: Saving...
[08:33:11] [Server thread/INFO]: Saved the world
[08:38:11] [Server thread/INFO]: Saving...
[08:38:11] [Server thread/INFO]: Saved the world
[08:43:11] [Server thread/INFO]: Saving...
[08:43:11] [Server thread/INFO]: Saved the world
[08:48:11] [Server thread/INFO]: Saving...
[08:48:11] [Server thread/INFO]: Saved the world
[08:53:11] [Server thread/INFO]: Saving...
[08:53:11] [Server thread/INFO]: Saved the world
[08:58:11] [Server thread/INFO]: Saving...
[08:58:11] [Server thread/INFO]: Saved the world
[09:03:11] [Server thread/INFO]: Saving...
[09:03:11] [Server thread/INFO]: Saved the world
[09:08:11] [Server thread/INFO]: Saving...
[09:08:11] [Server thread/INFO]: Saved the world
[09:13:11] [Server thread/INFO]: Saving...
[09:13:11] [Server thread/INFO]: Saved the world
[09:18:11] [Server thread/INFO]: Saving...
[09:18:11] [Server thread/INFO]: Saved the world
[09:23:11] [Server thread/INFO]: Saving...
[09:23:11] [Server thread/INFO]: Saved the world
[09:28:11] [Server thread/INFO]: Saving...
[09:28:11] [Server thread/INFO]: Saved the world
[09:33:11] [Server thread/INFO]: Saving...
[09:33:11] [Server thread/INFO]: Saved the world
[09:38:11] [Server thread/INFO]: Saving...
[09:38:11] [Server thread/INFO]: Saved the world
[09:43:11] [Server thread/INFO]: Saving...
[09:43:11] [Server thread/INFO]: Saved the world
[09:48:11] [Server thread/INFO]: Saving...
[09:48:11] [Server thread/INFO]: Saved the world
[09:53:11] [Server thread/INFO]: Saving...
[09:53:11] [Server thread/INFO]: Saved the world
[09:58:11] [Server thread/INFO]: Saving...
[09:58:11] [Server thread/INFO]: Saved the world
[10:03:11] [Server thread/INFO]: Saving...
[10:03:11] [Server thread/INFO]: Saved the world
[10:08:11] [Server thread/INFO]: Saving...
[10:08:11] [Server thread/INFO]: Saved the world
[10:13:11] [Server thread/INFO]: Saving...
[10:13:11] [Server thread/INFO]: Saved the world
[10:14:04] [Server thread/INFO]: Server Backup started!
[10:15:10] [Thread-321/INFO]: Server backup done in 00:01:06! (2.4GB | 12.5GB)
[10:18:11] [Server thread/INFO]: Saving...
[10:18:11] [Server thread/INFO]: Saved the world
[10:23:11] [Server thread/INFO]: Saving...
[10:23:11] [Server thread/INFO]: Saved the world
[10:28:11] [Server thread/INFO]: Saving...
[10:28:11] [Server thread/INFO]: Saved the world
[10:33:11] [Server thread/INFO]: Saving...
[10:33:11] [Server thread/INFO]: Saved the world
[10:38:11] [Server thread/INFO]: Saving...
[10:38:11] [Server thread/INFO]: Saved the world
[10:43:11] [Server thread/INFO]: Saving...
[10:43:11] [Server thread/INFO]: Saved the world
[10:48:11] [Server thread/INFO]: Saving...
[10:48:11] [Server thread/INFO]: Saved the world
[10:53:11] [Server thread/INFO]: Saving...
[10:53:11] [Server thread/INFO]: Saved the world
[10:58:11] [Server thread/INFO]: Saving...
[10:58:11] [Server thread/INFO]: Saved the world
[11:03:11] [Server thread/INFO]: Saving...
[11:03:11] [Server thread/INFO]: Saved the world
[11:08:11] [Server thread/INFO]: Saving...
[11:08:11] [Server thread/INFO]: Saved the world
[11:13:11] [Server thread/INFO]: Saving...
[11:13:11] [Server thread/INFO]: Saved the world
[11:18:11] [Server thread/INFO]: Saving...
[11:18:11] [Server thread/INFO]: Saved the world
[11:23:11] [Server thread/INFO]: Saving...
[11:23:11] [Server thread/INFO]: Saved the world
[11:28:11] [Server thread/INFO]: Saving...
[11:28:11] [Server thread/INFO]: Saved the world
[11:33:11] [Server thread/INFO]: Saving...
[11:33:11] [Server thread/INFO]: Saved the world
[11:38:11] [Server thread/INFO]: Saving...
[11:38:11] [Server thread/INFO]: Saved the world
[11:43:11] [Server thread/INFO]: Saving...
[11:43:11] [Server thread/INFO]: Saved the world
[11:48:11] [Server thread/INFO]: Saving...
[11:48:11] [Server thread/INFO]: Saved the world
[11:53:11] [Server thread/INFO]: Saving...
[11:53:11] [Server thread/INFO]: Saved the world
[11:58:11] [Server thread/INFO]: Saving...
[11:58:11] [Server thread/INFO]: Saved the world
[12:03:11] [Server thread/INFO]: Saving...
[12:03:11] [Server thread/INFO]: Saved the world
[12:08:11] [Server thread/INFO]: Saving...
[12:08:11] [Server thread/INFO]: Saved the world
[12:13:11] [Server thread/INFO]: Saving...
[12:13:11] [Server thread/INFO]: Saved the world
[12:14:04] [Server thread/INFO]: Server Backup started!
[12:15:11] [Thread-322/INFO]: Server backup done in 00:01:07! (2.4GB | 12.5GB)
[12:18:11] [Server thread/INFO]: Saving...
[12:18:11] [Server thread/INFO]: Saved the world
[12:21:42] [File IO Thread/ERROR]: Failed to save chunk
java.util.ConcurrentModificationException
	at java.util.HashMap$HashIterator.nextNode(HashMap.java:1437) ~[?:1.8.0_131]
	at java.util.HashMap$KeyIterator.next(HashMap.java:1461) ~[?:1.8.0_131]
	at net.minecraft.nbt.NBTTagCompound.func_74734_a(NBTTagCompound.java:23) ~[dr.class:?]
	at net.minecraft.nbt.NBTTagCompound.func_150298_a(NBTTagCompound.java:453) ~[dr.class:?]
	at net.minecraft.nbt.NBTTagCompound.func_74734_a(NBTTagCompound.java:26) ~[dr.class:?]
	at net.minecraft.nbt.NBTTagCompound.func_150298_a(NBTTagCompound.java:453) ~[dr.class:?]
	at net.minecraft.nbt.NBTTagCompound.func_74734_a(NBTTagCompound.java:26) ~[dr.class:?]
	at net.minecraft.nbt.NBTTagCompound.func_150298_a(NBTTagCompound.java:453) ~[dr.class:?]
	at net.minecraft.nbt.NBTTagCompound.func_74734_a(NBTTagCompound.java:26) ~[dr.class:?]
	at net.minecraft.nbt.NBTTagList.func_74734_a(SourceFile:45) ~[dx.class:?]
	at net.minecraft.nbt.NBTTagCompound.func_150298_a(NBTTagCompound.java:453) ~[dr.class:?]
	at net.minecraft.nbt.NBTTagCompound.func_74734_a(NBTTagCompound.java:26) ~[dr.class:?]
	at net.minecraft.nbt.NBTTagCompound.func_150298_a(NBTTagCompound.java:453) ~[dr.class:?]
	at net.minecraft.nbt.NBTTagCompound.func_74734_a(NBTTagCompound.java:26) ~[dr.class:?]
	at net.minecraft.nbt.CompressedStreamTools.func_150663_a(CompressedStreamTools.java:111) ~[ea.class:?]
	at net.minecraft.nbt.CompressedStreamTools.func_74800_a(CompressedStreamTools.java:101) ~[ea.class:?]
	at net.minecraft.world.chunk.storage.AnvilChunkLoader.func_183013_b(AnvilChunkLoader.java:242) ~[atj.class:?]
	at net.minecraft.world.chunk.storage.AnvilChunkLoader.func_75814_c(AnvilChunkLoader.java:220) [atj.class:?]
	at net.minecraft.world.storage.ThreadedFileIOBase.func_75736_b(SourceFile:37) [bbu.class:?]
	at net.minecraft.world.storage.ThreadedFileIOBase.run(SourceFile:30) [bbu.class:?]
	at java.lang.Thread.run(Thread.java:748) [?:1.8.0_131]
[12:23:11] [Server thread/INFO]: Saving...
[12:23:11] [Server thread/INFO]: Saved the world
[12:28:11] [Server thread/INFO]: Saving...
[12:28:11] [Server thread/INFO]: Saved the world
[12:33:11] [Server thread/INFO]: Saving...
[12:33:11] [Server thread/INFO]: Saved the world
[12:38:11] [Server thread/INFO]: Saving...
[12:38:11] [Server thread/INFO]: Saved the world
[12:43:11] [Server thread/INFO]: Saving...
[12:43:11] [Server thread/INFO]: Saved the world
[12:48:11] [Server thread/INFO]: Saving...
[12:48:11] [Server thread/INFO]: Saved the world
[12:53:11] [Server thread/INFO]: Saving...
[12:53:11] [Server thread/INFO]: Saved the world
[12:58:11] [Server thread/INFO]: Saving...
[12:58:11] [Server thread/INFO]: Saved the world
[13:03:11] [Server thread/INFO]: Saving...
[13:03:11] [Server thread/INFO]: Saved the world
[13:08:11] [Server thread/INFO]: Saving...
[13:08:11] [Server thread/INFO]: Saved the world
[13:13:11] [Server thread/INFO]: Saving...
[13:13:11] [Server thread/INFO]: Saved the world
[13:18:11] [Server thread/INFO]: Saving...
[13:18:11] [Server thread/INFO]: Saved the world
[13:21:42] [File IO Thread/ERROR]: Failed to save chunk
java.util.ConcurrentModificationException
	at java.util.HashMap$HashIterator.nextNode(HashMap.java:1437) ~[?:1.8.0_131]
	at java.util.HashMap$KeyIterator.next(HashMap.java:1461) ~[?:1.8.0_131]
	at net.minecraft.nbt.NBTTagCompound.func_74734_a(NBTTagCompound.java:23) ~[dr.class:?]
	at net.minecraft.nbt.NBTTagCompound.func_150298_a(NBTTagCompound.java:453) ~[dr.class:?]
	at net.minecraft.nbt.NBTTagCompound.func_74734_a(NBTTagCompound.java:26) ~[dr.class:?]
	at net.minecraft.nbt.NBTTagCompound.func_150298_a(NBTTagCompound.java:453) ~[dr.class:?]
	at net.minecraft.nbt.NBTTagCompound.func_74734_a(NBTTagCompound.java:26) ~[dr.class:?]
	at net.minecraft.nbt.NBTTagCompound.func_150298_a(NBTTagCompound.java:453) ~[dr.class:?]
	at net.minecraft.nbt.NBTTagCompound.func_74734_a(NBTTagCompound.java:26) ~[dr.class:?]
	at net.minecraft.nbt.NBTTagList.func_74734_a(SourceFile:45) ~[dx.class:?]
	at net.minecraft.nbt.NBTTagCompound.func_150298_a(NBTTagCompound.java:453) ~[dr.class:?]
	at net.minecraft.nbt.NBTTagCompound.func_74734_a(NBTTagCompound.java:26) ~[dr.class:?]
	at net.minecraft.nbt.NBTTagCompound.func_150298_a(NBTTagCompound.java:453) ~[dr.class:?]
	at net.minecraft.nbt.NBTTagCompound.func_74734_a(NBTTagCompound.java:26) ~[dr.class:?]
	at net.minecraft.nbt.CompressedStreamTools.func_150663_a(CompressedStreamTools.java:111) ~[ea.class:?]
	at net.minecraft.nbt.CompressedStreamTools.func_74800_a(CompressedStreamTools.java:101) ~[ea.class:?]
	at net.minecraft.world.chunk.storage.AnvilChunkLoader.func_183013_b(AnvilChunkLoader.java:242) ~[atj.class:?]
	at net.minecraft.world.chunk.storage.AnvilChunkLoader.func_75814_c(AnvilChunkLoader.java:220) [atj.class:?]
	at net.minecraft.world.storage.ThreadedFileIOBase.func_75736_b(SourceFile:37) [bbu.class:?]
	at net.minecraft.world.storage.ThreadedFileIOBase.run(SourceFile:30) [bbu.class:?]
	at java.lang.Thread.run(Thread.java:748) [?:1.8.0_131]
[13:23:11] [Server thread/INFO]: Saving...
[13:23:11] [Server thread/INFO]: Saved the world
[13:28:11] [Server thread/INFO]: Saving...
[13:28:11] [Server thread/INFO]: Saved the world
[13:33:11] [Server thread/INFO]: Saving...
[13:33:11] [Server thread/INFO]: Saved the world
[13:38:11] [Server thread/INFO]: Saving...
[13:38:11] [Server thread/INFO]: Saved the world
[13:41:57] [File IO Thread/ERROR]: Failed to save chunk
java.util.ConcurrentModificationException
	at java.util.HashMap$HashIterator.nextNode(HashMap.java:1437) ~[?:1.8.0_131]
	at java.util.HashMap$KeyIterator.next(HashMap.java:1461) ~[?:1.8.0_131]
	at net.minecraft.nbt.NBTTagCompound.func_74734_a(NBTTagCompound.java:23) ~[dr.class:?]
	at net.minecraft.nbt.NBTTagCompound.func_150298_a(NBTTagCompound.java:453) ~[dr.class:?]
	at net.minecraft.nbt.NBTTagCompound.func_74734_a(NBTTagCompound.java:26) ~[dr.class:?]
	at net.minecraft.nbt.NBTTagCompound.func_150298_a(NBTTagCompound.java:453) ~[dr.class:?]
	at net.minecraft.nbt.NBTTagCompound.func_74734_a(NBTTagCompound.java:26) ~[dr.class:?]
	at net.minecraft.nbt.NBTTagCompound.func_150298_a(NBTTagCompound.java:453) ~[dr.class:?]
	at net.minecraft.nbt.NBTTagCompound.func_74734_a(NBTTagCompound.java:26) ~[dr.class:?]
	at net.minecraft.nbt.NBTTagList.func_74734_a(SourceFile:45) ~[dx.class:?]
	at net.minecraft.nbt.NBTTagCompound.func_150298_a(NBTTagCompound.java:453) ~[dr.class:?]
	at net.minecraft.nbt.NBTTagCompound.func_74734_a(NBTTagCompound.java:26) ~[dr.class:?]
	at net.minecraft.nbt.NBTTagCompound.func_150298_a(NBTTagCompound.java:453) ~[dr.class:?]
	at net.minecraft.nbt.NBTTagCompound.func_74734_a(NBTTagCompound.java:26) ~[dr.class:?]
	at net.minecraft.nbt.CompressedStreamTools.func_150663_a(CompressedStreamTools.java:111) ~[ea.class:?]
	at net.minecraft.nbt.CompressedStreamTools.func_74800_a(CompressedStreamTools.java:101) ~[ea.class:?]
	at net.minecraft.world.chunk.storage.AnvilChunkLoader.func_183013_b(AnvilChunkLoader.java:242) ~[atj.class:?]
	at net.minecraft.world.chunk.storage.AnvilChunkLoader.func_75814_c(AnvilChunkLoader.java:220) [atj.class:?]
	at net.minecraft.world.storage.ThreadedFileIOBase.func_75736_b(SourceFile:37) [bbu.class:?]
	at net.minecraft.world.storage.ThreadedFileIOBase.run(SourceFile:30) [bbu.class:?]
	at java.lang.Thread.run(Thread.java:748) [?:1.8.0_131]
[13:43:11] [Server thread/INFO]: Saving...
[13:43:11] [Server thread/INFO]: Saved the world
[13:48:11] [Server thread/INFO]: Saving...
[13:48:11] [Server thread/INFO]: Saved the world
[13:53:11] [Server thread/INFO]: Saving...
[13:53:11] [Server thread/INFO]: Saved the world
[13:58:11] [Server thread/INFO]: Saving...
[13:58:11] [Server thread/INFO]: Saved the world
[14:03:11] [Server thread/INFO]: Saving...
[14:03:11] [Server thread/INFO]: Saved the world
[14:08:11] [Server thread/INFO]: Saving...
[14:08:11] [Server thread/INFO]: Saved the world
[14:13:11] [Server thread/INFO]: Saving...
[14:13:11] [Server thread/INFO]: Saved the world
[14:14:04] [Server thread/INFO]: Server Backup started!
[14:15:12] [Thread-323/INFO]: Server backup done in 00:01:08! (2.4GB | 12.5GB)
[14:18:11] [Server thread/INFO]: Saving...
[14:18:11] [Server thread/INFO]: Saved the world
[14:23:11] [Server thread/INFO]: Saving...
[14:23:11] [Server thread/INFO]: Saved the world
[14:28:11] [Server thread/INFO]: Saving...
[14:28:11] [Server thread/INFO]: Saved the world
[14:33:11] [Server thread/INFO]: Saving...
[14:33:11] [Server thread/INFO]: Saved the world
[14:38:11] [Server thread/INFO]: Saving...
[14:38:11] [Server thread/INFO]: Saved the world
[14:43:11] [Server thread/INFO]: Saving...
[14:43:11] [Server thread/INFO]: Saved the world
[14:48:11] [Server thread/INFO]: Saving...
[14:48:11] [Server thread/INFO]: Saved the world
[14:53:11] [Server thread/INFO]: Saving...
[14:53:11] [Server thread/INFO]: Saved the world
[14:58:11] [Server thread/INFO]: Saving...
[14:58:11] [Server thread/INFO]: Saved the world
[15:03:11] [Server thread/INFO]: Saving...
[15:03:11] [Server thread/INFO]: Saved the world
[15:08:11] [Server thread/INFO]: Saving...
[15:08:11] [Server thread/INFO]: Saved the world
[15:13:11] [Server thread/INFO]: Saving...
[15:13:11] [Server thread/INFO]: Saved the world
[15:18:11] [Server thread/INFO]: Saving...
[15:18:11] [Server thread/INFO]: Saved the world
[15:23:11] [Server thread/INFO]: Saving...
[15:23:11] [Server thread/INFO]: Saved the world
[15:28:11] [Server thread/INFO]: Saving...
[15:28:11] [Server thread/INFO]: Saved the world
[15:33:11] [Server thread/INFO]: Saving...
[15:33:11] [Server thread/INFO]: Saved the world
[15:38:11] [Server thread/INFO]: Saving...
[15:38:11] [Server thread/INFO]: Saved the world
[15:43:11] [Server thread/INFO]: Saving...
[15:43:11] [Server thread/INFO]: Saved the world
[15:48:11] [Server thread/INFO]: Saving...
[15:48:11] [Server thread/INFO]: Saved the world
[15:53:11] [Server thread/INFO]: Saving...
[15:53:11] [Server thread/INFO]: Saved the world
[15:58:11] [Server thread/INFO]: Saving...
[15:58:11] [Server thread/INFO]: Saved the world
[16:03:11] [Server thread/INFO]: Saving...
[16:03:11] [Server thread/INFO]: Saved the world
[16:08:11] [Server thread/INFO]: Saving...
[16:08:11] [Server thread/INFO]: Saved the world
[16:13:11] [Server thread/INFO]: Saving...
[16:13:11] [Server thread/INFO]: Saved the world
[16:14:04] [Server thread/INFO]: Server Backup started!
[16:15:12] [Thread-324/INFO]: Server backup done in 00:01:08! (2.4GB | 12.5GB)
[16:18:11] [Server thread/INFO]: Saving...
[16:18:11] [Server thread/INFO]: Saved the world
[16:23:11] [Server thread/INFO]: Saving...
[16:23:11] [Server thread/INFO]: Saved the world
[16:28:11] [Server thread/INFO]: Saving...
[16:28:11] [Server thread/INFO]: Saved the world
[16:33:11] [Server thread/INFO]: Saving...
[16:33:11] [Server thread/INFO]: Saved the world
[16:38:11] [Server thread/INFO]: Saving...
[16:38:11] [Server thread/INFO]: Saved the world
[16:43:11] [Server thread/INFO]: Saving...
[16:43:11] [Server thread/INFO]: Saved the world
[16:48:11] [Server thread/INFO]: Saving...
[16:48:11] [Server thread/INFO]: Saved the world
[16:53:11] [Server thread/INFO]: Saving...
[16:53:11] [Server thread/INFO]: Saved the world
[16:58:11] [Server thread/INFO]: Saving...
[16:58:11] [Server thread/INFO]: Saved the world
[17:03:11] [Server thread/INFO]: Saving...
[17:03:11] [Server thread/INFO]: Saved the world
[17:08:11] [Server thread/INFO]: Saving...
[17:08:11] [Server thread/INFO]: Saved the world
[17:13:11] [Server thread/INFO]: Saving...
[17:13:11] [Server thread/INFO]: Saved the world
[17:18:11] [Server thread/INFO]: Saving...
[17:18:11] [Server thread/INFO]: Saved the world
[17:23:11] [Server thread/INFO]: Saving...
[17:23:11] [Server thread/INFO]: Saved the world
[17:28:11] [Server thread/INFO]: Saving...
[17:28:11] [Server thread/INFO]: Saved the world
[17:33:11] [Server thread/INFO]: Saving...
[17:33:11] [Server thread/INFO]: Saved the world
[17:38:11] [Server thread/INFO]: Saving...
[17:38:11] [Server thread/INFO]: Saved the world
[17:43:11] [Server thread/INFO]: Saving...
[17:43:11] [Server thread/INFO]: Saved the world
[17:48:11] [Server thread/INFO]: Saving...
[17:48:11] [Server thread/INFO]: Saved the world
[17:53:11] [Server thread/INFO]: Saving...
[17:53:11] [Server thread/INFO]: Saved the world
[17:58:11] [Server thread/INFO]: Saving...
[17:58:11] [Server thread/INFO]: Saved the world
[18:03:11] [Server thread/INFO]: Saving...
[18:03:11] [Server thread/INFO]: Saved the world
[18:08:11] [Server thread/INFO]: Saving...
[18:08:11] [Server thread/INFO]: Saved the world
[18:13:11] [Server thread/INFO]: Saving...
[18:13:11] [Server thread/INFO]: Saved the world
[18:14:04] [Server thread/INFO]: Server Backup started!
[18:15:11] [Thread-325/INFO]: Server backup done in 00:01:07! (2.4GB | 12.5GB)
[18:18:11] [Server thread/INFO]: Saving...
[18:18:11] [Server thread/INFO]: Saved the world
[18:23:11] [Server thread/INFO]: Saving...
[18:23:11] [Server thread/INFO]: Saved the world
[18:28:11] [Server thread/INFO]: Saving...
[18:28:11] [Server thread/INFO]: Saved the world
[18:33:03] [Server thread/INFO]: Stopping the server
[18:33:03] [Server thread/INFO]: Stopping server
[18:33:03] [Server thread/INFO]: Saving players
[18:33:03] [Server thread/INFO]: Saving worlds
[18:33:03] [Server thread/INFO]: Saving chunks for level 'world'/Overworld
[18:33:03] [Server thread/INFO]: Saving chunks for level 'world'/The End
[18:33:03] [Server thread/INFO]: Saving chunks for level 'world'/The Beneath
[18:33:03] [Server thread/INFO]: Saving chunks for level 'world'/ExtraUtils2_Quarry_Dim
[18:33:04] [Server Shutdown Thread/INFO]: Stopping server
[18:33:04] [Server Shutdown Thread/INFO]: Saving players
[18:33:04] [Server Shutdown Thread/INFO]: Saving worlds
