[22:13:46] [INFO] More Chickens PreInit...
[22:13:52] [INFO] More Chickens Init...
[22:13:52] [INFO] Looking for More Chickens addon...
[22:13:52] [INFO] Loading More Chickens addon...
[22:13:52] [INFO] Looking for Base Metals addon...
[22:13:52] [INFO] Loading Base Metals addon...
[22:13:52] [ERROR] Error Registering (basemetals) Chicken: 'cupronickelchicken' It's LayItem was null
[22:13:52] [ERROR] Error Registering (basemetals) Chicken: 'garnetchicken' It's LayItem was null
[22:13:52] [INFO] Looking for Botania addon...
[22:13:52] [INFO] Loading Botania addon...
[22:13:52] [INFO] Looking for Draconic Evolution addon...
[22:13:52] [INFO] Looking for EnderIO addon...
[22:13:52] [INFO] Loading EnderIO addon...
[22:13:52] [INFO] Looking for Extreme Reactors addon...
[22:13:52] [INFO] Looking for Immersive Engineering addon...
[22:13:52] [INFO] Loading Immersive Engineering addon...
[22:13:52] [ERROR] Error Registering (immersiveengineering) Chicken: 'uraniumChicken' It's LayItem was null
[22:13:52] [INFO] Looking for Mekanism addon...
[22:13:52] [INFO] Loading Mekanism addon...
[22:13:52] [INFO] Looking for Thermal Foundation addon...
[22:13:52] [INFO] Loading Thermal Foundation addon...
[22:13:52] [INFO] Looking for Tinkers Construct addon...
[22:13:52] [INFO] Loading Tinkers Construct addon...
[22:13:52] [INFO] Looking for Ars Magica 2 addon...
[22:13:52] [INFO] Looking for EvilCraft addon...
[22:13:52] [INFO] Looking for MineFactory Reloaded addon...
[22:13:52] [INFO] Loading MineFactory Reloaded addon...
[22:13:52] [INFO] Looking for Actually Additions addon...
[22:13:52] [INFO] Looking for Extra Utilities 2 addon...
[22:13:52] [INFO] Loading Extra Utilities 2 addon...
[22:13:52] [INFO] Looking for Refined Storage addon...
[22:13:52] [INFO] More Chickens Loading Config...
